<?xml version="1.0" encoding="UTF-8"?>
<testng-results ignored="0" total="1" passed="1" failed="0" skipped="0">
  <reporter-output>
  </reporter-output>
  <suite started-at="2022-07-22T20:50:23Z" name="Default suite" finished-at="2022-07-22T20:50:26Z" duration-ms="3380">
    <groups>
    </groups>
    <test started-at="2022-07-22T20:50:23Z" name="Default test" finished-at="2022-07-22T20:50:26Z" duration-ms="3380">
      <class name="testSel.SelTest">
        <test-method signature="f()[pri:0, instance:testSel.SelTest@3561c410]" started-at="2022-07-22T15:50:23Z" name="f" finished-at="2022-07-22T15:50:26Z" duration-ms="3359" status="PASS">
          <reporter-output>
          </reporter-output>
        </test-method> <!-- f -->
      </class> <!-- testSel.SelTest -->
    </test> <!-- Default test -->
  </suite> <!-- Default suite -->
</testng-results>
